<?xml version="1.0" encoding="UTF-8"?>
<coverage generated="1672738788025" clover="3.2.0">
  <project timestamp="1672738788025" name="All files">
    <metrics statements="19" coveredstatements="16" conditionals="0" coveredconditionals="0" methods="8" coveredmethods="6" elements="27" coveredelements="22" complexity="0" loc="19" ncloc="19" packages="1" files="2" classes="2"/>
    <file name="mArray.js" path="C:\Users\smbra\OneDrive\Documents\GitHub\Nodejs\clg-nodejs-5\mArray.js">
      <metrics statements="1" coveredstatements="1" conditionals="0" coveredconditionals="0" methods="0" coveredmethods="0"/>
      <line num="3" count="1" type="stmt"/>
    </file>
    <file name="mFunction.js" path="C:\Users\smbra\OneDrive\Documents\GitHub\Nodejs\clg-nodejs-5\mFunction.js">
      <metrics statements="18" coveredstatements="15" conditionals="0" coveredconditionals="0" methods="8" coveredmethods="6"/>
      <line num="3" count="1" type="stmt"/>
      <line num="5" count="1" type="stmt"/>
      <line num="11" count="1" type="stmt"/>
      <line num="12" count="1" type="stmt"/>
      <line num="13" count="6" type="stmt"/>
      <line num="14" count="0" type="stmt"/>
      <line num="15" count="0" type="stmt"/>
      <line num="16" count="0" type="stmt"/>
      <line num="34" count="1" type="stmt"/>
      <line num="35" count="1" type="stmt"/>
      <line num="36" count="1" type="stmt"/>
      <line num="40" count="1" type="stmt"/>
      <line num="41" count="1" type="stmt"/>
      <line num="42" count="1" type="stmt"/>
      <line num="54" count="1" type="stmt"/>
      <line num="55" count="1" type="stmt"/>
      <line num="56" count="1" type="stmt"/>
      <line num="61" count="1" type="stmt"/>
    </file>
  </project>
</coverage>
