{"C:\\Users\\smbra\\OneDrive\\Documents\\GitHub\\Nodejs\\clg-nodejs-5\\mArray.js": {"path":"C:\\Users\\smbra\\OneDrive\\Documents\\GitHub\\Nodejs\\clg-nodejs-5\\mArray.js","statementMap":{"0":{"start":{"line":3,"column":0},"end":{"line":25,"column":2}}},"fnMap":{},"branchMap":{},"s":{"0":1},"f":{},"b":{},"_coverageSchema":"1a1c01bbd47fc00a2c39e90264f33305004495a9","hash":"ee840d8c8336f350e7f913b9e7e5178e21a3d066"}
,"C:\\Users\\smbra\\OneDrive\\Documents\\GitHub\\Nodejs\\clg-nodejs-5\\mFunction.js": {"path":"C:\\Users\\smbra\\OneDrive\\Documents\\GitHub\\Nodejs\\clg-nodejs-5\\mFunction.js","statementMap":{"0":{"start":{"line":3,"column":13},"end":{"line":3,"column":32}},"1":{"start":{"line":5,"column":14},"end":{"line":5,"column":31}},"2":{"start":{"line":11,"column":18},"end":{"line":23,"column":1}},"3":{"start":{"line":12,"column":4},"end":{"line":21,"column":7}},"4":{"start":{"line":13,"column":8},"end":{"line":20,"column":11}},"5":{"start":{"line":15,"column":12},"end":{"line":18,"column":15}},"6":{"start":{"line":16,"column":16},"end":{"line":16,"column":42}},"7":{"start":{"line":32,"column":19},"end":{"line":44,"column":1}},"8":{"start":{"line":33,"column":4},"end":{"line":43,"column":7}},"9":{"start":{"line":34,"column":12},"end":{"line":37,"column":11}},"10":{"start":{"line":38,"column":8},"end":{"line":41,"column":11}},"11":{"start":{"line":39,"column":12},"end":{"line":39,"column":38}},"12":{"start":{"line":40,"column":12},"end":{"line":40,"column":57}},"13":{"start":{"line":51,"column":17},"end":{"line":54,"column":1}},"14":{"start":{"line":52,"column":4},"end":{"line":52,"column":47}},"15":{"start":{"line":53,"column":4},"end":{"line":53,"column":16}},"16":{"start":{"line":56,"column":0},"end":{"line":56,"column":25}},"17":{"start":{"line":58,"column":0},"end":{"line":58,"column":360}}},"fnMap":{"0":{"name":"(anonymous_0)","decl":{"start":{"line":11,"column":18},"end":{"line":11,"column":19}},"loc":{"start":{"line":11,"column":24},"end":{"line":23,"column":1}},"line":11},"1":{"name":"(anonymous_1)","decl":{"start":{"line":12,"column":19},"end":{"line":12,"column":20}},"loc":{"start":{"line":12,"column":43},"end":{"line":21,"column":5}},"line":12},"2":{"name":"(anonymous_2)","decl":{"start":{"line":13,"column":31},"end":{"line":13,"column":32}},"loc":{"start":{"line":13,"column":43},"end":{"line":20,"column":9}},"line":13},"3":{"name":"(anonymous_3)","decl":{"start":{"line":15,"column":31},"end":{"line":15,"column":32}},"loc":{"start":{"line":15,"column":50},"end":{"line":18,"column":13}},"line":15},"4":{"name":"(anonymous_4)","decl":{"start":{"line":32,"column":19},"end":{"line":32,"column":20}},"loc":{"start":{"line":32,"column":51},"end":{"line":44,"column":1}},"line":32},"5":{"name":"(anonymous_5)","decl":{"start":{"line":33,"column":27},"end":{"line":33,"column":28}},"loc":{"start":{"line":33,"column":39},"end":{"line":43,"column":5}},"line":33},"6":{"name":"(anonymous_6)","decl":{"start":{"line":38,"column":27},"end":{"line":38,"column":28}},"loc":{"start":{"line":38,"column":46},"end":{"line":41,"column":9}},"line":38},"7":{"name":"(anonymous_7)","decl":{"start":{"line":51,"column":17},"end":{"line":51,"column":18}},"loc":{"start":{"line":51,"column":50},"end":{"line":54,"column":1}},"line":51}},"branchMap":{},"s":{"0":1,"1":1,"2":1,"3":1,"4":6,"5":0,"6":0,"7":1,"8":1,"9":1,"10":1,"11":1,"12":1,"13":1,"14":1,"15":1,"16":1,"17":1},"f":{"0":1,"1":6,"2":0,"3":0,"4":1,"5":1,"6":1,"7":1},"b":{},"_coverageSchema":"1a1c01bbd47fc00a2c39e90264f33305004495a9","hash":"1abc9d139f3a2e1d981a4773bf0ecc2228362c7f"}
}
