TN:
SF:mArray.js
FNF:0
FNH:0
DA:3,1
LF:1
LH:1
BRF:0
BRH:0
end_of_record
TN:
SF:mFunction.js
FN:11,(anonymous_0)
FN:12,(anonymous_1)
FN:13,(anonymous_2)
FN:15,(anonymous_3)
FN:32,(anonymous_4)
FN:33,(anonymous_5)
FN:38,(anonymous_6)
FN:51,(anonymous_7)
FNF:8
FNH:6
FNDA:1,(anonymous_0)
FNDA:6,(anonymous_1)
FNDA:0,(anonymous_2)
FNDA:0,(anonymous_3)
FNDA:1,(anonymous_4)
FNDA:1,(anonymous_5)
FNDA:1,(anonymous_6)
FNDA:1,(anonymous_7)
DA:3,1
DA:5,1
DA:11,1
DA:12,1
DA:13,6
DA:15,0
DA:16,0
DA:32,1
DA:33,1
DA:34,1
DA:38,1
DA:39,1
DA:40,1
DA:51,1
DA:52,1
DA:53,1
DA:56,1
DA:58,1
LF:18
LH:16
BRF:0
BRH:0
end_of_record
